* 000000 [Engine] Log started at 2023/1/4 17:50:20
* 000000 [Engine] This copy of the engine is git hash 70cd0b7d234544363972651eca364581f9fe0eb1, built on Nov 12 2022, at 04:34:35
* 000000 [Engine] Platform: Linux
* 000000 [Engine] 
* 000000 [Engine] *******************************************************************************************
* 000000 [Engine] *** This is the Standard license build!                                                 ***
* 000000 [Engine] *** Get more with an Indie or Pro license such as C extensions, mobile dev, and VR dev! ***
* 000000 [Engine] *** Details at http://dragonruby.org/toolkit/game#purchase                              ***
* 000000 [Engine] *******************************************************************************************
* 000000 [Engine] 
! 000000 [Engine] Metadata file does not have all required fields!
- 000000 [Engine] Game Dir: /home/ritog/coding/ruby-game/dragon-game//mygame
- 000000 [Engine] Game ID: hello-SDL
- 000000 [Engine] Game Title: Update metadata/game_metadata.txt in your mygame directory to change this title.
- 000000 [Engine] Game Version: 1.0
- 000000 [Engine] Game Package ID: org.dragonruby.hello-SDL
- 000000 [Engine] Game Developer ID: dragonruby
- 000000 [Engine] Game Developer Title: DragonRuby LLC
- 000000 [Engine] Production Build: no
- 000000 [Engine] Remote Hotload: no
? 000000 [Engine] Loading cvars from file 'metadata/cvars.txt' ...
? 000000 [Engine] File 'metadata/cvars.txt' line 1 setting cvar 'log.filter_subsystems' to 'HTTPServer'
? 000000 [Engine] File 'metadata/cvars.txt' complete
? 000000 [Engine] RNG seed has been set to 1672834821.
- 000000 [Engine] Janitor is using 4 threads.
? 000000 [Engine] Marked app/main.rb for reload. (-1)
- 000030 [Game] Game state and exception will be written to logs/exceptions/game_state_1800.txt and logs/exceptions/current.txt.
- 000030 [Game] * EXCEPTION:
* ERROR:
Undefined method labels for main.


** Backtrace:
*** app/main.rb:88:in game_over_stuff
*** app/main.rb:148:in tick
*** app/main.rb:206 (1800)
? 000176 [Engine] Marked app/main.rb for reload. (10559)
? 000176 [Engine] RNG seed has been set to 1672834821.
? 000178 [Engine] Marked app/main.rb for reload. (10681)
? 000178 [Engine] RNG seed has been set to 1672834821.
? 000187 [Engine] Marked app/main.rb for reload. (11223)
? 000187 [Engine] RNG seed has been set to 1672834821.
? 000189 [Engine] Marked app/main.rb for reload. (11345)
? 000189 [Engine] RNG seed has been set to 1672834821.
? 000192 [Engine] Marked app/main.rb for reload. (11527)
? 000192 [Engine] RNG seed has been set to 1672834821.
- 000192 [Game] Game state and exception will be written to logs/exceptions/game_state_0.txt and logs/exceptions/current.txt.
- 000192 [Game] * EXCEPTION: comparison of Integer with NilClass failed
** Backtrace:
*** app/main.rb:188:in tick
*** app/main.rb:206 (11530)
? 000219 [Engine] Marked app/main.rb for reload. (13149)
? 000222 [Engine] Marked app/main.rb for reload. (13328)
? 000222 [Engine] RNG seed has been set to 1672834821.
- 000252 [Game] Game state and exception will be written to logs/exceptions/game_state_1800.txt and logs/exceptions/current.txt.
- 000252 [Game] * EXCEPTION:
* ERROR:
Undefined method labels for main.


** Backtrace:
*** app/main.rb:88:in game_over_stuff
*** app/main.rb:148:in tick
*** app/main.rb:206 (15131)
? 000748 [Engine] Marked app/main.rb for reload. (44890)
? 000748 [Engine] RNG seed has been set to 1672834821.
? 000753 [Engine] Marked app/main.rb for reload. (45192)
? 000753 [Engine] RNG seed has been set to 1672834821.
- 000783 [Game] Game state and exception will be written to logs/exceptions/game_state_1800.txt and logs/exceptions/current.txt.
- 000783 [Game] * EXCEPTION:
* ERROR:
Undefined method labels for main.


** Backtrace:
*** app/main.rb:88:in game_over_stuff
*** app/main.rb:148:in tick
*** app/main.rb:206 (46995)
? 000927 [Engine] Marked app/main.rb for reload. (55627)
? 000927 [Engine] RNG seed has been set to 1672834821.
? 000937 [Engine] Marked app/main.rb for reload. (56228)
? 000937 [Engine] RNG seed has been set to 1672834821.
- 000947 [Game] Game state and exception will be written to logs/exceptions/game_state_600.txt and logs/exceptions/current.txt.
- 000947 [Game] * EXCEPTION:
* ERROR:
Undefined method labels for main.


** Backtrace:
*** app/main.rb:88:in game_over_stuff
*** app/main.rb:148:in tick
*** app/main.rb:206 (56831)
? 000960 [Engine] Marked app/main.rb for reload. (57609)
? 000960 [Engine] RNG seed has been set to 1672834821.
? 000964 [Engine] Marked app/main.rb for reload. (57850)
? 000964 [Engine] RNG seed has been set to 1672834821.
? 000988 [Engine] RNG seed has been set to 1672834821.
? 001004 [Engine] RNG seed has been set to 1672834821.
? 001018 [Engine] Marked app/main.rb for reload. (61094)
? 001018 [Engine] RNG seed has been set to 1672834821.
? 001051 [Engine] RNG seed has been set to 1672834821.
? 001083 [Engine] RNG seed has been set to 1672834821.
? 001114 [Engine] RNG seed has been set to 1672834821.
? 001146 [Engine] RNG seed has been set to 1672834821.
